<?xml version="1.0" encoding="UTF-8"?>
<testsuite name="MovieTest" tests="1" skipped="0" failures="0" errors="0" timestamp="2016-12-27T06:11:27" hostname="Home-PC" time="0.035">
  <properties/>
  <testcase name="test" classname="MovieTest" time="0.035"/>
  <system-out><![CDATA[]]></system-out>
  <system-err><![CDATA[]]></system-err>
</testsuite>
