<?xml version="1.0" encoding="UTF-8"?>
<testsuite name="CustomerTest" tests="1" skipped="0" failures="0" errors="0" timestamp="2016-12-27T01:40:19" hostname="Home-PC" time="0.242">
  <properties/>
  <testcase name="test" classname="CustomerTest" time="0.242"/>
  <system-out><![CDATA[]]></system-out>
  <system-err><![CDATA[]]></system-err>
</testsuite>
