<?xml version="1.0" encoding="UTF-8"?>
<testsuite name="ReservationServiceTest" tests="1" skipped="0" failures="0" errors="0" timestamp="2016-12-27T06:41:26" hostname="Home-PC" time="0.015">
  <properties/>
  <testcase name="test" classname="ReservationServiceTest" time="0.015"/>
  <system-out><![CDATA[]]></system-out>
  <system-err><![CDATA[]]></system-err>
</testsuite>
