<?xml version="1.0" encoding="UTF-8"?>
<testsuite name="MovieTest3" tests="1" skipped="0" failures="0" errors="0" timestamp="2016-12-27T06:41:26" hostname="Home-PC" time="0.0">
  <properties/>
  <testcase name="test" classname="MovieTest3" time="0.0"/>
  <system-out><![CDATA[]]></system-out>
  <system-err><![CDATA[]]></system-err>
</testsuite>
