<?xml version="1.0" encoding="UTF-8"?>
<testsuite name="ReservationServiceTest2" tests="1" skipped="0" failures="0" errors="0" timestamp="2016-12-27T06:33:54" hostname="Home-PC" time="0.007">
  <properties/>
  <testcase name="test" classname="ReservationServiceTest2" time="0.007"/>
  <system-out><![CDATA[]]></system-out>
  <system-err><![CDATA[]]></system-err>
</testsuite>
